[debug] [2025-01-23T20:43:58.230Z] ----------------------------------------------------------------------
[debug] [2025-01-23T20:43:58.232Z] Command:       /usr/local/bin/firebase /Users/yashna/.cache/firebase/tools/lib/node_modules/firebase-tools/lib/bin/firebase deploy
[debug] [2025-01-23T20:43:58.233Z] CLI Version:   12.4.3
[debug] [2025-01-23T20:43:58.233Z] Platform:      darwin
[debug] [2025-01-23T20:43:58.233Z] Node Version:  v16.16.0
[debug] [2025-01-23T20:43:58.236Z] Time:          Fri Jan 24 2025 02:13:58 GMT+0530 (India Standard Time)
[debug] [2025-01-23T20:43:58.236Z] ----------------------------------------------------------------------
[debug] 
[debug] [2025-01-23T20:43:58.239Z] >>> [apiv2][query] GET https://firebase-public.firebaseio.com/cli.json [none]
[debug] [2025-01-23T20:43:58.341Z] > command requires scopes: ["email","openid","https://www.googleapis.com/auth/cloudplatformprojects.readonly","https://www.googleapis.com/auth/firebase","https://www.googleapis.com/auth/cloud-platform"]
[debug] [2025-01-23T20:43:58.341Z] > authorizing via signed-in user (yashnagupta333@gmail.com)
[debug] [2025-01-23T20:43:58.341Z] [iam] checking project portfolio-9c894 for permissions ["firebase.projects.get","firebasehosting.sites.update"]
[debug] [2025-01-23T20:43:58.342Z] > refreshing access token with scopes: []
[debug] [2025-01-23T20:43:58.343Z] >>> [apiv2][query] POST https://www.googleapis.com/oauth2/v3/token [none]
[debug] [2025-01-23T20:43:58.344Z] >>> [apiv2][body] POST https://www.googleapis.com/oauth2/v3/token [omitted]
[debug] [2025-01-23T20:43:58.542Z] <<< [apiv2][status] POST https://www.googleapis.com/oauth2/v3/token 400
[debug] [2025-01-23T20:43:58.542Z] <<< [apiv2][body] POST https://www.googleapis.com/oauth2/v3/token [omitted]
[debug] [2025-01-23T20:43:58.542Z] >>> [apiv2][query] POST https://cloudresourcemanager.googleapis.com/v1/projects/portfolio-9c894:testIamPermissions [none]
[debug] [2025-01-23T20:43:58.542Z] >>> [apiv2][(partial)header] POST https://cloudresourcemanager.googleapis.com/v1/projects/portfolio-9c894:testIamPermissions x-goog-quota-user=projects/portfolio-9c894
[debug] [2025-01-23T20:43:58.543Z] >>> [apiv2][body] POST https://cloudresourcemanager.googleapis.com/v1/projects/portfolio-9c894:testIamPermissions {"permissions":["firebase.projects.get","firebasehosting.sites.update"]}
[debug] [2025-01-23T20:43:59.114Z] <<< [apiv2][status] GET https://firebase-public.firebaseio.com/cli.json 200
[debug] [2025-01-23T20:43:59.114Z] <<< [apiv2][body] GET https://firebase-public.firebaseio.com/cli.json {"cloudBuildErrorAfter":1594252800000,"cloudBuildWarnAfter":1590019200000,"defaultNode10After":1594252800000,"minVersion":"3.0.5","node8DeploysDisabledAfter":1613390400000,"node8RuntimeDisabledAfter":1615809600000,"node8WarnAfter":1600128000000}
[debug] [2025-01-23T20:44:00.175Z] <<< [apiv2][status] POST https://cloudresourcemanager.googleapis.com/v1/projects/portfolio-9c894:testIamPermissions 401
[debug] [2025-01-23T20:44:00.175Z] <<< [apiv2][body] POST https://cloudresourcemanager.googleapis.com/v1/projects/portfolio-9c894:testIamPermissions {"error":{"code":401,"message":"Request had invalid authentication credentials. Expected OAuth 2 access token, login cookie or other valid authentication credential. See https://developers.google.com/identity/sign-in/web/devconsole-project.","status":"UNAUTHENTICATED","details":[{"@type":"type.googleapis.com/google.rpc.ErrorInfo","reason":"ACCESS_TOKEN_TYPE_UNSUPPORTED","metadata":{"method":"google.cloudresourcemanager.v1.Projects.TestIamPermissions","service":"cloudresourcemanager.googleapis.com"}}]}}
[debug] [2025-01-23T20:44:00.176Z] [iam] error while checking permissions, command may fail: FirebaseError: HTTP Error: 401, Request had invalid authentication credentials. Expected OAuth 2 access token, login cookie or other valid authentication credential. See https://developers.google.com/identity/sign-in/web/devconsole-project.
[debug] [2025-01-23T20:44:00.176Z] > refreshing access token with scopes: []
[debug] [2025-01-23T20:44:00.177Z] >>> [apiv2][query] POST https://www.googleapis.com/oauth2/v3/token [none]
[debug] [2025-01-23T20:44:00.177Z] >>> [apiv2][body] POST https://www.googleapis.com/oauth2/v3/token [omitted]
[debug] [2025-01-23T20:44:00.355Z] <<< [apiv2][status] POST https://www.googleapis.com/oauth2/v3/token 400
[debug] [2025-01-23T20:44:00.355Z] <<< [apiv2][body] POST https://www.googleapis.com/oauth2/v3/token [omitted]
[debug] [2025-01-23T20:44:00.356Z] >>> [apiv2][query] GET https://firebase.googleapis.com/v1beta1/projects/portfolio-9c894 [none]
[debug] [2025-01-23T20:44:00.836Z] <<< [apiv2][status] GET https://firebase.googleapis.com/v1beta1/projects/portfolio-9c894 401
[debug] [2025-01-23T20:44:00.837Z] <<< [apiv2][body] GET https://firebase.googleapis.com/v1beta1/projects/portfolio-9c894 {"error":{"code":401,"message":"Request had invalid authentication credentials. Expected OAuth 2 access token, login cookie or other valid authentication credential. See https://developers.google.com/identity/sign-in/web/devconsole-project.","status":"UNAUTHENTICATED"}}
[debug] [2025-01-23T20:44:00.837Z] HTTP Error: 401, Request had invalid authentication credentials. Expected OAuth 2 access token, login cookie or other valid authentication credential. See https://developers.google.com/identity/sign-in/web/devconsole-project.
[debug] [2025-01-23T20:44:01.020Z] FirebaseError: HTTP Error: 401, Request had invalid authentication credentials. Expected OAuth 2 access token, login cookie or other valid authentication credential. See https://developers.google.com/identity/sign-in/web/devconsole-project.
    at responseToError (/Users/yashna/.cache/firebase/tools/lib/node_modules/firebase-tools/lib/responseToError.js:49:12)
    at RetryOperation._fn (/Users/yashna/.cache/firebase/tools/lib/node_modules/firebase-tools/lib/apiv2.js:288:77)
    at processTicksAndRejections (node:internal/process/task_queues:96:5)
[error] 
[error] Error: Failed to get Firebase project portfolio-9c894. Please make sure the project exists and your account has permission to access it.
